<?xml version="1.0" encoding="UTF-8"?>
<testsuite xmlns:xsi="http://www.w3.org/2001/XMLSchema-instance" xsi:noNamespaceSchemaLocation="https://maven.apache.org/surefire/maven-surefire-plugin/xsd/surefire-test-report-3.0.xsd" version="3.0" name="com.skiconnect.security.AuthControllerIntegrationTest" time="4.56" tests="9" errors="0" skipped="0" failures="0">
  <properties>
[...]
</properties>
  <testcase name="testSignupEmailExists" classname="com.skiconnect.security.AuthControllerIntegrationTest" time="0.557">
    <system-out><![CDATA[09:17:44.477 [main] INFO org.springframework.test.context.support.AnnotationConfigContextLoaderUtils -- Could not detect default configuration classes for test class [com.skiconnect.security.AuthControllerIntegrationTest]: AuthControllerIntegrationTest does not declare any static, non-private, non-final, nested classes annotated with @Configuration.
09:17:44.538 [main] INFO org.springframework.boot.test.context.SpringBootTestContextBootstrapper -- Found @SpringBootConfiguration com.skiconnect.SkiConnectApplication for test class com.skiconnect.security.AuthControllerIntegrationTest

  .   ____          _            __ _ _
 /\\ / ___'_ __ _ _(_)_ __  __ _ \ \ \ \
( ( )\___ | '_ | '_| | '_ \/ _` | \ \ \ \
 \\/  ___)| |_)| | | | | || (_| |  ) ) ) )
  '  |____| .__|_| |_|_| |_\__, | / / / /
 =========|_|==============|___/=/_/_/_/
&amp#27;[32m :: Spring Boot :: &amp#27;[39m              &amp#27;[2m (v3.2.3)&amp#27;[0;39m

&amp#27;[2m2025-04-06T09:17:44.706+02:00&amp#27;[0;39m &amp#27;[32m INFO&amp#27;[0;39m &amp#27;[35m2189&amp#27;[0;39m &amp#27;[2m---&amp#27;[0;39m &amp#27;[2m[           main]&amp#27;[0;39m &amp#27;[2m&amp#27;[0;39m&amp#27;[36mc.s.s.AuthControllerIntegrationTest     &amp#27;[0;39m &amp#27;[2m:&amp#27;[0;39m Starting AuthControllerIntegrationTest using Java 23.0.2 with PID 2189 (started by andreamerli in /Users/andreamerli/projects/development/SkiConnect)
&amp#27;[2m2025-04-06T09:17:44.707+02:00&amp#27;[0;39m &amp#27;[32mDEBUG&amp#27;[0;39m &amp#27;[35m2189&amp#27;[0;39m &amp#27;[2m---&amp#27;[0;39m &amp#27;[2m[           main]&amp#27;[0;39m &amp#27;[2m&amp#27;[0;39m&amp#27;[36mc.s.s.AuthControllerIntegrationTest     &amp#27;[0;39m &amp#27;[2m:&amp#27;[0;39m Running with Spring Boot v3.2.3, Spring v6.1.4
&amp#27;[2m2025-04-06T09:17:44.707+02:00&amp#27;[0;39m &amp#27;[32m INFO&amp#27;[0;39m &amp#27;[35m2189&amp#27;[0;39m &amp#27;[2m---&amp#27;[0;39m &amp#27;[2m[           main]&amp#27;[0;39m &amp#27;[2m&amp#27;[0;39m&amp#27;[36mc.s.s.AuthControllerIntegrationTest     &amp#27;[0;39m &amp#27;[2m:&amp#27;[0;39m No active profile set, falling back to 1 default profile: "default"
&amp#27;[2m2025-04-06T09:17:44.979+02:00&amp#27;[0;39m &amp#27;[32m INFO&amp#27;[0;39m &amp#27;[35m2189&amp#27;[0;39m &amp#27;[2m---&amp#27;[0;39m &amp#27;[2m[           main]&amp#27;[0;39m &amp#27;[2m&amp#27;[0;39m&amp#27;[36m.s.d.r.c.RepositoryConfigurationDelegate&amp#27;[0;39m &amp#27;[2m:&amp#27;[0;39m Bootstrapping Spring Data JPA repositories in DEFAULT mode.
&amp#27;[2m2025-04-06T09:17:45.011+02:00&amp#27;[0;39m &amp#27;[32m INFO&amp#27;[0;39m &amp#27;[35m2189&amp#27;[0;39m &amp#27;[2m---&amp#27;[0;39m &amp#27;[2m[           main]&amp#27;[0;39m &amp#27;[2m&amp#27;[0;39m&amp#27;[36m.s.d.r.c.RepositoryConfigurationDelegate&amp#27;[0;39m &amp#27;[2m:&amp#27;[0;39m Finished Spring Data repository scanning in 29 ms. Found 5 JPA repository interfaces.
&amp#27;[2m2025-04-06T09:17:45.394+02:00&amp#27;[0;39m &amp#27;[32m INFO&amp#27;[0;39m &amp#27;[35m2189&amp#27;[0;39m &amp#27;[2m---&amp#27;[0;39m &amp#27;[2m[           main]&amp#27;[0;39m &amp#27;[2m&amp#27;[0;39m&amp#27;[36mo.hibernate.jpa.internal.util.LogHelper &amp#27;[0;39m &amp#27;[2m:&amp#27;[0;39m HHH000204: Processing PersistenceUnitInfo [name: default]
&amp#27;[2m2025-04-06T09:17:45.418+02:00&amp#27;[0;39m &amp#27;[32m INFO&amp#27;[0;39m &amp#27;[35m2189&amp#27;[0;39m &amp#27;[2m---&amp#27;[0;39m &amp#27;[2m[           main]&amp#27;[0;39m &amp#27;[2m&amp#27;[0;39m&amp#27;[36morg.hibernate.Version                   &amp#27;[0;39m &amp#27;[2m:&amp#27;[0;39m HHH000412: Hibernate ORM core version 6.4.4.Final
&amp#27;[2m2025-04-06T09:17:45.433+02:00&amp#27;[0;39m &amp#27;[32m INFO&amp#27;[0;39m &amp#27;[35m2189&amp#27;[0;39m &amp#27;[2m---&amp#27;[0;39m &amp#27;[2m[           main]&amp#27;[0;39m &amp#27;[2m&amp#27;[0;39m&amp#27;[36mo.h.c.internal.RegionFactoryInitiator   &amp#27;[0;39m &amp#27;[2m:&amp#27;[0;39m HHH000026: Second-level cache disabled
&amp#27;[2m2025-04-06T09:17:45.530+02:00&amp#27;[0;39m &amp#27;[32m INFO&amp#27;[0;39m &amp#27;[35m2189&amp#27;[0;39m &amp#27;[2m---&amp#27;[0;39m &amp#27;[2m[           main]&amp#27;[0;39m &amp#27;[2m&amp#27;[0;39m&amp#27;[36mo.s.o.j.p.SpringPersistenceUnitInfo     &amp#27;[0;39m &amp#27;[2m:&amp#27;[0;39m No LoadTimeWeaver setup: ignoring JPA class transformer
&amp#27;[2m2025-04-06T09:17:45.542+02:00&amp#27;[0;39m &amp#27;[32m INFO&amp#27;[0;39m &amp#27;[35m2189&amp#27;[0;39m &amp#27;[2m---&amp#27;[0;39m &amp#27;[2m[           main]&amp#27;[0;39m &amp#27;[2m&amp#27;[0;39m&amp#27;[36mcom.zaxxer.hikari.HikariDataSource      &amp#27;[0;39m &amp#27;[2m:&amp#27;[0;39m HikariPool-1 - Starting...
&amp#27;[2m2025-04-06T09:17:45.626+02:00&amp#27;[0;39m &amp#27;[32m INFO&amp#27;[0;39m &amp#27;[35m2189&amp#27;[0;39m &amp#27;[2m---&amp#27;[0;39m &amp#27;[2m[           main]&amp#27;[0;39m &amp#27;[2m&amp#27;[0;39m&amp#27;[36mcom.zaxxer.hikari.pool.HikariPool       &amp#27;[0;39m &amp#27;[2m:&amp#27;[0;39m HikariPool-1 - Added connection conn0: url=jdbc:h2:mem:skiconnect user=SA
&amp#27;[2m2025-04-06T09:17:45.627+02:00&amp#27;[0;39m &amp#27;[32m INFO&amp#27;[0;39m &amp#27;[35m2189&amp#27;[0;39m &amp#27;[2m---&amp#27;[0;39m &amp#27;[2m[           main]&amp#27;[0;39m &amp#27;[2m&amp#27;[0;39m&amp#27;[36mcom.zaxxer.hikari.HikariDataSource      &amp#27;[0;39m &amp#27;[2m:&amp#27;[0;39m HikariPool-1 - Start completed.
&amp#27;[2m2025-04-06T09:17:45.640+02:00&amp#27;[0;39m &amp#27;[33m WARN&amp#27;[0;39m &amp#27;[35m2189&amp#27;[0;39m &amp#27;[2m---&amp#27;[0;39m &amp#27;[2m[           main]&amp#27;[0;39m &amp#27;[2m&amp#27;[0;39m&amp#27;[36morg.hibernate.orm.deprecation           &amp#27;[0;39m &amp#27;[2m:&amp#27;[0;39m HHH90000025: H2Dialect does not need to be specified explicitly using 'hibernate.dialect' (remove the property setting and it will be selected by default)
&amp#27;[2m2025-04-06T09:17:46.130+02:00&amp#27;[0;39m &amp#27;[32m INFO&amp#27;[0;39m &amp#27;[35m2189&amp#27;[0;39m &amp#27;[2m---&amp#27;[0;39m &amp#27;[2m[           main]&amp#27;[0;39m &amp#27;[2m&amp#27;[0;39m&amp#27;[36mo.h.e.t.j.p.i.JtaPlatformInitiator      &amp#27;[0;39m &amp#27;[2m:&amp#27;[0;39m HHH000489: No JTA platform available (set 'hibernate.transaction.jta.platform' to enable JTA platform integration)
Hibernate: 
    drop table if exists lesson_availabilities cascade 
Hibernate: 
    drop table if exists places cascade 
Hibernate: 
    drop table if exists schools cascade 
Hibernate: 
    drop table if exists teachers cascade 
Hibernate: 
    drop table if exists user_roles cascade 
Hibernate: 
    drop table if exists users cascade 
Hibernate: 
    create table lesson_availabilities (
        is_available boolean not null,
        end_time timestamp(6) not null,
        id bigint generated by default as identity,
        place_id bigint not null,
        school_id bigint not null,
        start_time timestamp(6) not null,
        student_id bigint,
        teacher_id bigint not null,
        primary key (id)
    )
Hibernate: 
    create table places (
        id bigint generated by default as identity,
        location varchar(255) not null,
        name varchar(255) not null unique,
        primary key (id)
    )
Hibernate: 
    create table schools (
        id bigint generated by default as identity,
        place_id bigint,
        user_id bigint not null unique,
        name varchar(255) not null,
        primary key (id)
    )
Hibernate: 
    create table teachers (
        is_freelancer boolean not null,
        id bigint generated by default as identity,
        school_id bigint,
        user_id bigint not null unique,
        name varchar(255) not null,
        primary key (id)
    )
Hibernate: 
    create table user_roles (
        user_id bigint not null,
        role varchar(255)
    )
Hibernate: 
    create table users (
        id bigint generated by default as identity,
        email varchar(255) not null unique,
        name varchar(255) not null,
        password varchar(255) not null,
        username varchar(255) not null unique,
        primary key (id)
    )
Hibernate: 
    alter table if exists lesson_availabilities 
       add constraint FKe3xnau57e84c9xobag8652l02 
       foreign key (place_id) 
       references places
Hibernate: 
    alter table if exists lesson_availabilities 
       add constraint FK9hyvaylfchfr9887wmk0d7bbh 
       foreign key (school_id) 
       references schools
Hibernate: 
    alter table if exists lesson_availabilities 
       add constraint FKd20o9bl5hdvvet00o6js5dhrx 
       foreign key (student_id) 
       references users
Hibernate: 
    alter table if exists lesson_availabilities 
       add constraint FK71cr4n6wnb226800ypemebjxw 
       foreign key (teacher_id) 
       references teachers
Hibernate: 
    alter table if exists schools 
       add constraint FKaw5dinr29wchjwq1u3eiqahwh 
       foreign key (place_id) 
       references places
Hibernate: 
    alter table if exists schools 
       add constraint FKcb6ytrmf6y4j3elkps7irsymo 
       foreign key (user_id) 
       references users
Hibernate: 
    alter table if exists teachers 
       add constraint FK25tvrvw3ww2p7mbt62abrbwev 
       foreign key (school_id) 
       references schools
Hibernate: 
    alter table if exists teachers 
       add constraint FKb8dct7w2j1vl1r2bpstw5isc0 
       foreign key (user_id) 
       references users
Hibernate: 
    alter table if exists user_roles 
       add constraint FKhfh9dx7w3ubf1co1vdev94g3f 
       foreign key (user_id) 
       references users
&amp#27;[2m2025-04-06T09:17:46.162+02:00&amp#27;[0;39m &amp#27;[32m INFO&amp#27;[0;39m &amp#27;[35m2189&amp#27;[0;39m &amp#27;[2m---&amp#27;[0;39m &amp#27;[2m[           main]&amp#27;[0;39m &amp#27;[2m&amp#27;[0;39m&amp#27;[36mj.LocalContainerEntityManagerFactoryBean&amp#27;[0;39m &amp#27;[2m:&amp#27;[0;39m Initialized JPA EntityManagerFactory for persistence unit 'default'
&amp#27;[2m2025-04-06T09:17:46.377+02:00&amp#27;[0;39m &amp#27;[32m INFO&amp#27;[0;39m &amp#27;[35m2189&amp#27;[0;39m &amp#27;[2m---&amp#27;[0;39m &amp#27;[2m[           main]&amp#27;[0;39m &amp#27;[2m&amp#27;[0;39m&amp#27;[36mo.s.d.j.r.query.QueryEnhancerFactory    &amp#27;[0;39m &amp#27;[2m:&amp#27;[0;39m Hibernate is in classpath; If applicable, HQL parser will be used.
&amp#27;[2m2025-04-06T09:17:46.774+02:00&amp#27;[0;39m &amp#27;[33m WARN&amp#27;[0;39m &amp#27;[35m2189&amp#27;[0;39m &amp#27;[2m---&amp#27;[0;39m &amp#27;[2m[           main]&amp#27;[0;39m &amp#27;[2m&amp#27;[0;39m&amp#27;[36mJpaBaseConfiguration$JpaWebConfiguration&amp#27;[0;39m &amp#27;[2m:&amp#27;[0;39m spring.jpa.open-in-view is enabled by default. Therefore, database queries may be performed during view rendering. Explicitly configure spring.jpa.open-in-view to disable this warning
&amp#27;[2m2025-04-06T09:17:46.924+02:00&amp#27;[0;39m &amp#27;[32m INFO&amp#27;[0;39m &amp#27;[35m2189&amp#27;[0;39m &amp#27;[2m---&amp#27;[0;39m &amp#27;[2m[           main]&amp#27;[0;39m &amp#27;[2m&amp#27;[0;39m&amp#27;[36mo.s.s.web.DefaultSecurityFilterChain    &amp#27;[0;39m &amp#27;[2m:&amp#27;[0;39m Will secure any request with [org.springframework.security.web.session.DisableEncodeUrlFilter@13088030, org.springframework.security.web.context.request.async.WebAsyncManagerIntegrationFilter@71e6bac0, org.springframework.security.web.context.SecurityContextHolderFilter@5936e4ba, org.springframework.security.web.header.HeaderWriterFilter@453d2a55, org.springframework.web.filter.CorsFilter@4c33bf70, org.springframework.security.web.authentication.logout.LogoutFilter@4eef2522, com.skiconnect.security.JwtAuthFilter@5da61ee2, org.springframework.security.web.savedrequest.RequestCacheAwareFilter@8551ee6, org.springframework.security.web.servletapi.SecurityContextHolderAwareRequestFilter@11b26693, org.springframework.security.web.authentication.AnonymousAuthenticationFilter@5698a866, org.springframework.security.web.session.SessionManagementFilter@553d9329, org.springframework.security.web.access.ExceptionTranslationFilter@1caff0db, org.springframework.security.web.access.intercept.AuthorizationFilter@e6d9c25]
&amp#27;[2m2025-04-06T09:17:47.088+02:00&amp#27;[0;39m &amp#27;[32m INFO&amp#27;[0;39m &amp#27;[35m2189&amp#27;[0;39m &amp#27;[2m---&amp#27;[0;39m &amp#27;[2m[           main]&amp#27;[0;39m &amp#27;[2m&amp#27;[0;39m&amp#27;[36mo.s.b.a.h2.H2ConsoleAutoConfiguration   &amp#27;[0;39m &amp#27;[2m:&amp#27;[0;39m H2 console available at '/h2-console'. Database available at 'jdbc:h2:mem:skiconnect'
&amp#27;[2m2025-04-06T09:17:47.136+02:00&amp#27;[0;39m &amp#27;[32mDEBUG&amp#27;[0;39m &amp#27;[35m2189&amp#27;[0;39m &amp#27;[2m---&amp#27;[0;39m &amp#27;[2m[           main]&amp#27;[0;39m &amp#27;[2m&amp#27;[0;39m&amp#27;[36mcom.skiconnect.security.JwtAuthFilter   &amp#27;[0;39m &amp#27;[2m:&amp#27;[0;39m Filter 'authenticationJwtTokenFilter' configured for use
&amp#27;[2m2025-04-06T09:17:47.136+02:00&amp#27;[0;39m &amp#27;[32m INFO&amp#27;[0;39m &amp#27;[35m2189&amp#27;[0;39m &amp#27;[2m---&amp#27;[0;39m &amp#27;[2m[           main]&amp#27;[0;39m &amp#27;[2m&amp#27;[0;39m&amp#27;[36mo.s.b.t.m.w.SpringBootMockServletContext&amp#27;[0;39m &amp#27;[2m:&amp#27;[0;39m Initializing Spring TestDispatcherServlet ''
&amp#27;[2m2025-04-06T09:17:47.136+02:00&amp#27;[0;39m &amp#27;[32m INFO&amp#27;[0;39m &amp#27;[35m2189&amp#27;[0;39m &amp#27;[2m---&amp#27;[0;39m &amp#27;[2m[           main]&amp#27;[0;39m &amp#27;[2m&amp#27;[0;39m&amp#27;[36mo.s.t.web.servlet.TestDispatcherServlet &amp#27;[0;39m &amp#27;[2m:&amp#27;[0;39m Initializing Servlet ''
&amp#27;[2m2025-04-06T09:17:47.137+02:00&amp#27;[0;39m &amp#27;[32m INFO&amp#27;[0;39m &amp#27;[35m2189&amp#27;[0;39m &amp#27;[2m---&amp#27;[0;39m &amp#27;[2m[           main]&amp#27;[0;39m &amp#27;[2m&amp#27;[0;39m&amp#27;[36mo.s.t.web.servlet.TestDispatcherServlet &amp#27;[0;39m &amp#27;[2m:&amp#27;[0;39m Completed initialization in 1 ms
&amp#27;[2m2025-04-06T09:17:47.148+02:00&amp#27;[0;39m &amp#27;[32m INFO&amp#27;[0;39m &amp#27;[35m2189&amp#27;[0;39m &amp#27;[2m---&amp#27;[0;39m &amp#27;[2m[           main]&amp#27;[0;39m &amp#27;[2m&amp#27;[0;39m&amp#27;[36mc.s.s.AuthControllerIntegrationTest     &amp#27;[0;39m &amp#27;[2m:&amp#27;[0;39m Started AuthControllerIntegrationTest in 2.552 seconds (process running for 3.129)
Hibernate: 
    select
        u1_0.id 
    from
        users u1_0 
    where
        u1_0.username=? 
    fetch
        first ? rows only
Hibernate: 
    select
        u1_0.id 
    from
        users u1_0 
    where
        u1_0.email=? 
    fetch
        first ? rows only
Hibernate: 
    insert 
    into
        users
        (email, name, password, username, id) 
    values
        (?, ?, ?, ?, default)
&amp#27;[2m2025-04-06T09:17:47.647+02:00&amp#27;[0;39m &amp#27;[32mDEBUG&amp#27;[0;39m &amp#27;[35m2189&amp#27;[0;39m &amp#27;[2m---&amp#27;[0;39m &amp#27;[2m[           main]&amp#27;[0;39m &amp#27;[2m&amp#27;[0;39m&amp#27;[36mo.s.security.web.FilterChainProxy       &amp#27;[0;39m &amp#27;[2m:&amp#27;[0;39m Securing POST /api/auth/signup
&amp#27;[2m2025-04-06T09:17:47.649+02:00&amp#27;[0;39m &amp#27;[32mDEBUG&amp#27;[0;39m &amp#27;[35m2189&amp#27;[0;39m &amp#27;[2m---&amp#27;[0;39m &amp#27;[2m[           main]&amp#27;[0;39m &amp#27;[2m&amp#27;[0;39m&amp#27;[36mo.s.s.w.a.AnonymousAuthenticationFilter &amp#27;[0;39m &amp#27;[2m:&amp#27;[0;39m Set SecurityContextHolder to anonymous SecurityContext
&amp#27;[2m2025-04-06T09:17:47.650+02:00&amp#27;[0;39m &amp#27;[32mDEBUG&amp#27;[0;39m &amp#27;[35m2189&amp#27;[0;39m &amp#27;[2m---&amp#27;[0;39m &amp#27;[2m[           main]&amp#27;[0;39m &amp#27;[2m&amp#27;[0;39m&amp#27;[36mo.s.security.web.FilterChainProxy       &amp#27;[0;39m &amp#27;[2m:&amp#27;[0;39m Secured POST /api/auth/signup
Hibernate: 
    select
        u1_0.id 
    from
        users u1_0 
    where
        u1_0.username=? 
    fetch
        first ? rows only
Hibernate: 
    select
        u1_0.id 
    from
        users u1_0 
    where
        u1_0.email=? 
    fetch
        first ? rows only
]]></system-out>
    <system-err><![CDATA[WARNING: A Java agent has been loaded dynamically (/Users/andreamerli/.m2/repository/net/bytebuddy/byte-buddy-agent/1.14.12/byte-buddy-agent-1.14.12.jar)
WARNING: If a serviceability tool is in use, please run with -XX:+EnableDynamicAgentLoading to hide this warning
WARNING: If a serviceability tool is not in use, please run with -Djdk.instrument.traceUsage for more information
WARNING: Dynamic loading of agents will be disallowed by default in a future release
]]></system-err>
  </testcase>
  <testcase name="testAccessProtectedEndpointAuthenticated" classname="com.skiconnect.security.AuthControllerIntegrationTest" time="0.283">
    <system-out><![CDATA[Hibernate: 
    select
        u1_0.id 
    from
        users u1_0 
    where
        u1_0.username=? 
    fetch
        first ? rows only
Hibernate: 
    select
        u1_0.id 
    from
        users u1_0 
    where
        u1_0.email=? 
    fetch
        first ? rows only
Hibernate: 
    insert 
    into
        users
        (email, name, password, username, id) 
    values
        (?, ?, ?, ?, default)
&amp#27;[2m2025-04-06T09:17:47.795+02:00&amp#27;[0;39m &amp#27;[32mDEBUG&amp#27;[0;39m &amp#27;[35m2189&amp#27;[0;39m &amp#27;[2m---&amp#27;[0;39m &amp#27;[2m[           main]&amp#27;[0;39m &amp#27;[2m&amp#27;[0;39m&amp#27;[36mo.s.security.web.FilterChainProxy       &amp#27;[0;39m &amp#27;[2m:&amp#27;[0;39m Securing POST /api/auth/login
&amp#27;[2m2025-04-06T09:17:47.796+02:00&amp#27;[0;39m &amp#27;[32mDEBUG&amp#27;[0;39m &amp#27;[35m2189&amp#27;[0;39m &amp#27;[2m---&amp#27;[0;39m &amp#27;[2m[           main]&amp#27;[0;39m &amp#27;[2m&amp#27;[0;39m&amp#27;[36mo.s.s.w.a.AnonymousAuthenticationFilter &amp#27;[0;39m &amp#27;[2m:&amp#27;[0;39m Set SecurityContextHolder to anonymous SecurityContext
&amp#27;[2m2025-04-06T09:17:47.796+02:00&amp#27;[0;39m &amp#27;[32mDEBUG&amp#27;[0;39m &amp#27;[35m2189&amp#27;[0;39m &amp#27;[2m---&amp#27;[0;39m &amp#27;[2m[           main]&amp#27;[0;39m &amp#27;[2m&amp#27;[0;39m&amp#27;[36mo.s.security.web.FilterChainProxy       &amp#27;[0;39m &amp#27;[2m:&amp#27;[0;39m Secured POST /api/auth/login
Hibernate: 
    select
        u1_0.id,
        u1_0.email,
        u1_0.name,
        u1_0.password,
        u1_0.username 
    from
        users u1_0 
    where
        u1_0.username=?
&amp#27;[2m2025-04-06T09:17:47.962+02:00&amp#27;[0;39m &amp#27;[32mDEBUG&amp#27;[0;39m &amp#27;[35m2189&amp#27;[0;39m &amp#27;[2m---&amp#27;[0;39m &amp#27;[2m[           main]&amp#27;[0;39m &amp#27;[2m&amp#27;[0;39m&amp#27;[36mo.s.s.a.dao.DaoAuthenticationProvider   &amp#27;[0;39m &amp#27;[2m:&amp#27;[0;39m Authenticated user
&amp#27;[2m2025-04-06T09:17:47.984+02:00&amp#27;[0;39m &amp#27;[32mDEBUG&amp#27;[0;39m &amp#27;[35m2189&amp#27;[0;39m &amp#27;[2m---&amp#27;[0;39m &amp#27;[2m[           main]&amp#27;[0;39m &amp#27;[2m&amp#27;[0;39m&amp#27;[36mo.s.security.web.FilterChainProxy       &amp#27;[0;39m &amp#27;[2m:&amp#27;[0;39m Securing GET /api/v1/lessons/1
Hibernate: 
    select
        u1_0.id,
        u1_0.email,
        u1_0.name,
        u1_0.password,
        u1_0.username 
    from
        users u1_0 
    where
        u1_0.username=?
&amp#27;[2m2025-04-06T09:17:47.992+02:00&amp#27;[0;39m &amp#27;[32mDEBUG&amp#27;[0;39m &amp#27;[35m2189&amp#27;[0;39m &amp#27;[2m---&amp#27;[0;39m &amp#27;[2m[           main]&amp#27;[0;39m &amp#27;[2m&amp#27;[0;39m&amp#27;[36mo.s.security.web.FilterChainProxy       &amp#27;[0;39m &amp#27;[2m:&amp#27;[0;39m Secured GET /api/v1/lessons/1
]]></system-out>
  </testcase>
  <testcase name="testLoginSuccess" classname="com.skiconnect.security.AuthControllerIntegrationTest" time="0.173">
    <system-out><![CDATA[Hibernate: 
    select
        u1_0.id 
    from
        users u1_0 
    where
        u1_0.username=? 
    fetch
        first ? rows only
Hibernate: 
    select
        u1_0.id 
    from
        users u1_0 
    where
        u1_0.email=? 
    fetch
        first ? rows only
Hibernate: 
    insert 
    into
        users
        (email, name, password, username, id) 
    values
        (?, ?, ?, ?, default)
&amp#27;[2m2025-04-06T09:17:48.077+02:00&amp#27;[0;39m &amp#27;[32mDEBUG&amp#27;[0;39m &amp#27;[35m2189&amp#27;[0;39m &amp#27;[2m---&amp#27;[0;39m &amp#27;[2m[           main]&amp#27;[0;39m &amp#27;[2m&amp#27;[0;39m&amp#27;[36mo.s.security.web.FilterChainProxy       &amp#27;[0;39m &amp#27;[2m:&amp#27;[0;39m Securing POST /api/auth/login
&amp#27;[2m2025-04-06T09:17:48.077+02:00&amp#27;[0;39m &amp#27;[32mDEBUG&amp#27;[0;39m &amp#27;[35m2189&amp#27;[0;39m &amp#27;[2m---&amp#27;[0;39m &amp#27;[2m[           main]&amp#27;[0;39m &amp#27;[2m&amp#27;[0;39m&amp#27;[36mo.s.s.w.a.AnonymousAuthenticationFilter &amp#27;[0;39m &amp#27;[2m:&amp#27;[0;39m Set SecurityContextHolder to anonymous SecurityContext
&amp#27;[2m2025-04-06T09:17:48.077+02:00&amp#27;[0;39m &amp#27;[32mDEBUG&amp#27;[0;39m &amp#27;[35m2189&amp#27;[0;39m &amp#27;[2m---&amp#27;[0;39m &amp#27;[2m[           main]&amp#27;[0;39m &amp#27;[2m&amp#27;[0;39m&amp#27;[36mo.s.security.web.FilterChainProxy       &amp#27;[0;39m &amp#27;[2m:&amp#27;[0;39m Secured POST /api/auth/login
Hibernate: 
    select
        u1_0.id,
        u1_0.email,
        u1_0.name,
        u1_0.password,
        u1_0.username 
    from
        users u1_0 
    where
        u1_0.username=?
&amp#27;[2m2025-04-06T09:17:48.153+02:00&amp#27;[0;39m &amp#27;[32mDEBUG&amp#27;[0;39m &amp#27;[35m2189&amp#27;[0;39m &amp#27;[2m---&amp#27;[0;39m &amp#27;[2m[           main]&amp#27;[0;39m &amp#27;[2m&amp#27;[0;39m&amp#27;[36mo.s.s.a.dao.DaoAuthenticationProvider   &amp#27;[0;39m &amp#27;[2m:&amp#27;[0;39m Authenticated user
]]></system-out>
  </testcase>
  <testcase name="testSignupSuccess" classname="com.skiconnect.security.AuthControllerIntegrationTest" time="0.178">
    <system-out><![CDATA[&amp#27;[2m2025-04-06T09:17:48.171+02:00&amp#27;[0;39m &amp#27;[32mDEBUG&amp#27;[0;39m &amp#27;[35m2189&amp#27;[0;39m &amp#27;[2m---&amp#27;[0;39m &amp#27;[2m[           main]&amp#27;[0;39m &amp#27;[2m&amp#27;[0;39m&amp#27;[36mo.s.security.web.FilterChainProxy       &amp#27;[0;39m &amp#27;[2m:&amp#27;[0;39m Securing POST /api/auth/signup
&amp#27;[2m2025-04-06T09:17:48.172+02:00&amp#27;[0;39m &amp#27;[32mDEBUG&amp#27;[0;39m &amp#27;[35m2189&amp#27;[0;39m &amp#27;[2m---&amp#27;[0;39m &amp#27;[2m[           main]&amp#27;[0;39m &amp#27;[2m&amp#27;[0;39m&amp#27;[36mo.s.s.w.a.AnonymousAuthenticationFilter &amp#27;[0;39m &amp#27;[2m:&amp#27;[0;39m Set SecurityContextHolder to anonymous SecurityContext
&amp#27;[2m2025-04-06T09:17:48.172+02:00&amp#27;[0;39m &amp#27;[32mDEBUG&amp#27;[0;39m &amp#27;[35m2189&amp#27;[0;39m &amp#27;[2m---&amp#27;[0;39m &amp#27;[2m[           main]&amp#27;[0;39m &amp#27;[2m&amp#27;[0;39m&amp#27;[36mo.s.security.web.FilterChainProxy       &amp#27;[0;39m &amp#27;[2m:&amp#27;[0;39m Secured POST /api/auth/signup
Hibernate: 
    select
        u1_0.id 
    from
        users u1_0 
    where
        u1_0.username=? 
    fetch
        first ? rows only
Hibernate: 
    select
        u1_0.id 
    from
        users u1_0 
    where
        u1_0.email=? 
    fetch
        first ? rows only
Hibernate: 
    select
        u1_0.id 
    from
        users u1_0 
    where
        u1_0.username=? 
    fetch
        first ? rows only
Hibernate: 
    select
        u1_0.id 
    from
        users u1_0 
    where
        u1_0.email=? 
    fetch
        first ? rows only
Hibernate: 
    insert 
    into
        users
        (email, name, password, username, id) 
    values
        (?, ?, ?, ?, default)
Hibernate: 
    select
        u1_0.id,
        u1_0.email,
        u1_0.name,
        u1_0.password,
        u1_0.username 
    from
        users u1_0 
    where
        u1_0.username=?
]]></system-out>
  </testcase>
  <testcase name="testLoginFailure" classname="com.skiconnect.security.AuthControllerIntegrationTest" time="0.159">
    <system-out><![CDATA[Hibernate: 
    select
        u1_0.id 
    from
        users u1_0 
    where
        u1_0.username=? 
    fetch
        first ? rows only
Hibernate: 
    select
        u1_0.id 
    from
        users u1_0 
    where
        u1_0.email=? 
    fetch
        first ? rows only
Hibernate: 
    insert 
    into
        users
        (email, name, password, username, id) 
    values
        (?, ?, ?, ?, default)
&amp#27;[2m2025-04-06T09:17:48.429+02:00&amp#27;[0;39m &amp#27;[32mDEBUG&amp#27;[0;39m &amp#27;[35m2189&amp#27;[0;39m &amp#27;[2m---&amp#27;[0;39m &amp#27;[2m[           main]&amp#27;[0;39m &amp#27;[2m&amp#27;[0;39m&amp#27;[36mo.s.security.web.FilterChainProxy       &amp#27;[0;39m &amp#27;[2m:&amp#27;[0;39m Securing POST /api/auth/login
&amp#27;[2m2025-04-06T09:17:48.429+02:00&amp#27;[0;39m &amp#27;[32mDEBUG&amp#27;[0;39m &amp#27;[35m2189&amp#27;[0;39m &amp#27;[2m---&amp#27;[0;39m &amp#27;[2m[           main]&amp#27;[0;39m &amp#27;[2m&amp#27;[0;39m&amp#27;[36mo.s.s.w.a.AnonymousAuthenticationFilter &amp#27;[0;39m &amp#27;[2m:&amp#27;[0;39m Set SecurityContextHolder to anonymous SecurityContext
&amp#27;[2m2025-04-06T09:17:48.429+02:00&amp#27;[0;39m &amp#27;[32mDEBUG&amp#27;[0;39m &amp#27;[35m2189&amp#27;[0;39m &amp#27;[2m---&amp#27;[0;39m &amp#27;[2m[           main]&amp#27;[0;39m &amp#27;[2m&amp#27;[0;39m&amp#27;[36mo.s.security.web.FilterChainProxy       &amp#27;[0;39m &amp#27;[2m:&amp#27;[0;39m Secured POST /api/auth/login
Hibernate: 
    select
        u1_0.id,
        u1_0.email,
        u1_0.name,
        u1_0.password,
        u1_0.username 
    from
        users u1_0 
    where
        u1_0.username=?
&amp#27;[2m2025-04-06T09:17:48.505+02:00&amp#27;[0;39m &amp#27;[32mDEBUG&amp#27;[0;39m &amp#27;[35m2189&amp#27;[0;39m &amp#27;[2m---&amp#27;[0;39m &amp#27;[2m[           main]&amp#27;[0;39m &amp#27;[2m&amp#27;[0;39m&amp#27;[36mo.s.s.a.dao.DaoAuthenticationProvider   &amp#27;[0;39m &amp#27;[2m:&amp#27;[0;39m Failed to authenticate since password does not match stored value
&amp#27;[2m2025-04-06T09:17:48.506+02:00&amp#27;[0;39m &amp#27;[32mDEBUG&amp#27;[0;39m &amp#27;[35m2189&amp#27;[0;39m &amp#27;[2m---&amp#27;[0;39m &amp#27;[2m[           main]&amp#27;[0;39m &amp#27;[2m&amp#27;[0;39m&amp#27;[36mo.s.s.w.a.Http403ForbiddenEntryPoint    &amp#27;[0;39m &amp#27;[2m:&amp#27;[0;39m Pre-authenticated entry point called. Rejecting access
]]></system-out>
  </testcase>
  <testcase name="testAccessProtectedEndpointCorrectRole" classname="com.skiconnect.security.AuthControllerIntegrationTest" time="0.184">
    <system-out><![CDATA[Hibernate: 
    select
        u1_0.id 
    from
        users u1_0 
    where
        u1_0.username=? 
    fetch
        first ? rows only
Hibernate: 
    select
        u1_0.id 
    from
        users u1_0 
    where
        u1_0.email=? 
    fetch
        first ? rows only
Hibernate: 
    insert 
    into
        users
        (email, name, password, username, id) 
    values
        (?, ?, ?, ?, default)
Hibernate: 
    insert 
    into
        places
        (location, name, id) 
    values
        (?, ?, default)
Hibernate: 
    insert 
    into
        schools
        (name, place_id, user_id, id) 
    values
        (?, ?, ?, default)
Hibernate: 
    insert 
    into
        teachers
        (is_freelancer, name, school_id, user_id, id) 
    values
        (?, ?, ?, ?, default)
&amp#27;[2m2025-04-06T09:17:48.591+02:00&amp#27;[0;39m &amp#27;[32mDEBUG&amp#27;[0;39m &amp#27;[35m2189&amp#27;[0;39m &amp#27;[2m---&amp#27;[0;39m &amp#27;[2m[           main]&amp#27;[0;39m &amp#27;[2m&amp#27;[0;39m&amp#27;[36mo.s.security.web.FilterChainProxy       &amp#27;[0;39m &amp#27;[2m:&amp#27;[0;39m Securing POST /api/auth/login
&amp#27;[2m2025-04-06T09:17:48.591+02:00&amp#27;[0;39m &amp#27;[32mDEBUG&amp#27;[0;39m &amp#27;[35m2189&amp#27;[0;39m &amp#27;[2m---&amp#27;[0;39m &amp#27;[2m[           main]&amp#27;[0;39m &amp#27;[2m&amp#27;[0;39m&amp#27;[36mo.s.s.w.a.AnonymousAuthenticationFilter &amp#27;[0;39m &amp#27;[2m:&amp#27;[0;39m Set SecurityContextHolder to anonymous SecurityContext
&amp#27;[2m2025-04-06T09:17:48.591+02:00&amp#27;[0;39m &amp#27;[32mDEBUG&amp#27;[0;39m &amp#27;[35m2189&amp#27;[0;39m &amp#27;[2m---&amp#27;[0;39m &amp#27;[2m[           main]&amp#27;[0;39m &amp#27;[2m&amp#27;[0;39m&amp#27;[36mo.s.security.web.FilterChainProxy       &amp#27;[0;39m &amp#27;[2m:&amp#27;[0;39m Secured POST /api/auth/login
Hibernate: 
    select
        u1_0.id,
        u1_0.email,
        u1_0.name,
        u1_0.password,
        u1_0.username 
    from
        users u1_0 
    where
        u1_0.username=?
&amp#27;[2m2025-04-06T09:17:48.669+02:00&amp#27;[0;39m &amp#27;[32mDEBUG&amp#27;[0;39m &amp#27;[35m2189&amp#27;[0;39m &amp#27;[2m---&amp#27;[0;39m &amp#27;[2m[           main]&amp#27;[0;39m &amp#27;[2m&amp#27;[0;39m&amp#27;[36mo.s.s.a.dao.DaoAuthenticationProvider   &amp#27;[0;39m &amp#27;[2m:&amp#27;[0;39m Authenticated user
&amp#27;[2m2025-04-06T09:17:48.672+02:00&amp#27;[0;39m &amp#27;[32mDEBUG&amp#27;[0;39m &amp#27;[35m2189&amp#27;[0;39m &amp#27;[2m---&amp#27;[0;39m &amp#27;[2m[           main]&amp#27;[0;39m &amp#27;[2m&amp#27;[0;39m&amp#27;[36mo.s.security.web.FilterChainProxy       &amp#27;[0;39m &amp#27;[2m:&amp#27;[0;39m Securing POST /api/v1/lessons
Hibernate: 
    select
        u1_0.id,
        u1_0.email,
        u1_0.name,
        u1_0.password,
        u1_0.username 
    from
        users u1_0 
    where
        u1_0.username=?
&amp#27;[2m2025-04-06T09:17:48.674+02:00&amp#27;[0;39m &amp#27;[32mDEBUG&amp#27;[0;39m &amp#27;[35m2189&amp#27;[0;39m &amp#27;[2m---&amp#27;[0;39m &amp#27;[2m[           main]&amp#27;[0;39m &amp#27;[2m&amp#27;[0;39m&amp#27;[36mo.s.security.web.FilterChainProxy       &amp#27;[0;39m &amp#27;[2m:&amp#27;[0;39m Secured POST /api/v1/lessons
&amp#27;[2m2025-04-06T09:17:48.679+02:00&amp#27;[0;39m &amp#27;[32mDEBUG&amp#27;[0;39m &amp#27;[35m2189&amp#27;[0;39m &amp#27;[2m---&amp#27;[0;39m &amp#27;[2m[           main]&amp#27;[0;39m &amp#27;[2m&amp#27;[0;39m&amp#27;[36mhorizationManagerBeforeMethodInterceptor&amp#27;[0;39m &amp#27;[2m:&amp#27;[0;39m Authorizing method invocation ReflectiveMethodInvocation: public org.springframework.http.ResponseEntity com.skiconnect.controller.LessonController.createLesson(com.skiconnect.controller.LessonController$LessonRequest); target is of class [com.skiconnect.controller.LessonController]
&amp#27;[2m2025-04-06T09:17:48.683+02:00&amp#27;[0;39m &amp#27;[32mDEBUG&amp#27;[0;39m &amp#27;[35m2189&amp#27;[0;39m &amp#27;[2m---&amp#27;[0;39m &amp#27;[2m[           main]&amp#27;[0;39m &amp#27;[2m&amp#27;[0;39m&amp#27;[36mhorizationManagerBeforeMethodInterceptor&amp#27;[0;39m &amp#27;[2m:&amp#27;[0;39m Authorized method invocation ReflectiveMethodInvocation: public org.springframework.http.ResponseEntity com.skiconnect.controller.LessonController.createLesson(com.skiconnect.controller.LessonController$LessonRequest); target is of class [com.skiconnect.controller.LessonController]
Hibernate: 
    insert 
    into
        lesson_availabilities
        (end_time, is_available, place_id, school_id, start_time, student_id, teacher_id, id) 
    values
        (?, ?, ?, ?, ?, ?, ?, default)
]]></system-out>
  </testcase>
  <testcase name="testAccessProtectedEndpointWrongRole" classname="com.skiconnect.security.AuthControllerIntegrationTest" time="0.164">
    <system-out><![CDATA[Hibernate: 
    select
        u1_0.id 
    from
        users u1_0 
    where
        u1_0.username=? 
    fetch
        first ? rows only
Hibernate: 
    select
        u1_0.id 
    from
        users u1_0 
    where
        u1_0.email=? 
    fetch
        first ? rows only
Hibernate: 
    insert 
    into
        users
        (email, name, password, username, id) 
    values
        (?, ?, ?, ?, default)
&amp#27;[2m2025-04-06T09:17:48.774+02:00&amp#27;[0;39m &amp#27;[32mDEBUG&amp#27;[0;39m &amp#27;[35m2189&amp#27;[0;39m &amp#27;[2m---&amp#27;[0;39m &amp#27;[2m[           main]&amp#27;[0;39m &amp#27;[2m&amp#27;[0;39m&amp#27;[36mo.s.security.web.FilterChainProxy       &amp#27;[0;39m &amp#27;[2m:&amp#27;[0;39m Securing POST /api/auth/login
&amp#27;[2m2025-04-06T09:17:48.774+02:00&amp#27;[0;39m &amp#27;[32mDEBUG&amp#27;[0;39m &amp#27;[35m2189&amp#27;[0;39m &amp#27;[2m---&amp#27;[0;39m &amp#27;[2m[           main]&amp#27;[0;39m &amp#27;[2m&amp#27;[0;39m&amp#27;[36mo.s.s.w.a.AnonymousAuthenticationFilter &amp#27;[0;39m &amp#27;[2m:&amp#27;[0;39m Set SecurityContextHolder to anonymous SecurityContext
&amp#27;[2m2025-04-06T09:17:48.774+02:00&amp#27;[0;39m &amp#27;[32mDEBUG&amp#27;[0;39m &amp#27;[35m2189&amp#27;[0;39m &amp#27;[2m---&amp#27;[0;39m &amp#27;[2m[           main]&amp#27;[0;39m &amp#27;[2m&amp#27;[0;39m&amp#27;[36mo.s.security.web.FilterChainProxy       &amp#27;[0;39m &amp#27;[2m:&amp#27;[0;39m Secured POST /api/auth/login
Hibernate: 
    select
        u1_0.id,
        u1_0.email,
        u1_0.name,
        u1_0.password,
        u1_0.username 
    from
        users u1_0 
    where
        u1_0.username=?
&amp#27;[2m2025-04-06T09:17:48.851+02:00&amp#27;[0;39m &amp#27;[32mDEBUG&amp#27;[0;39m &amp#27;[35m2189&amp#27;[0;39m &amp#27;[2m---&amp#27;[0;39m &amp#27;[2m[           main]&amp#27;[0;39m &amp#27;[2m&amp#27;[0;39m&amp#27;[36mo.s.s.a.dao.DaoAuthenticationProvider   &amp#27;[0;39m &amp#27;[2m:&amp#27;[0;39m Authenticated user
&amp#27;[2m2025-04-06T09:17:48.853+02:00&amp#27;[0;39m &amp#27;[32mDEBUG&amp#27;[0;39m &amp#27;[35m2189&amp#27;[0;39m &amp#27;[2m---&amp#27;[0;39m &amp#27;[2m[           main]&amp#27;[0;39m &amp#27;[2m&amp#27;[0;39m&amp#27;[36mo.s.security.web.FilterChainProxy       &amp#27;[0;39m &amp#27;[2m:&amp#27;[0;39m Securing POST /api/v1/lessons
Hibernate: 
    select
        u1_0.id,
        u1_0.email,
        u1_0.name,
        u1_0.password,
        u1_0.username 
    from
        users u1_0 
    where
        u1_0.username=?
&amp#27;[2m2025-04-06T09:17:48.856+02:00&amp#27;[0;39m &amp#27;[32mDEBUG&amp#27;[0;39m &amp#27;[35m2189&amp#27;[0;39m &amp#27;[2m---&amp#27;[0;39m &amp#27;[2m[           main]&amp#27;[0;39m &amp#27;[2m&amp#27;[0;39m&amp#27;[36mo.s.s.w.access.AccessDeniedHandlerImpl  &amp#27;[0;39m &amp#27;[2m:&amp#27;[0;39m Responding with 403 status code
]]></system-out>
  </testcase>
  <testcase name="testAccessProtectedEndpointUnauthenticated" classname="com.skiconnect.security.AuthControllerIntegrationTest" time="0.002">
    <system-out><![CDATA[&amp#27;[2m2025-04-06T09:17:48.860+02:00&amp#27;[0;39m &amp#27;[32mDEBUG&amp#27;[0;39m &amp#27;[35m2189&amp#27;[0;39m &amp#27;[2m---&amp#27;[0;39m &amp#27;[2m[           main]&amp#27;[0;39m &amp#27;[2m&amp#27;[0;39m&amp#27;[36mo.s.security.web.FilterChainProxy       &amp#27;[0;39m &amp#27;[2m:&amp#27;[0;39m Securing GET /api/v1/lessons/1
&amp#27;[2m2025-04-06T09:17:48.860+02:00&amp#27;[0;39m &amp#27;[32mDEBUG&amp#27;[0;39m &amp#27;[35m2189&amp#27;[0;39m &amp#27;[2m---&amp#27;[0;39m &amp#27;[2m[           main]&amp#27;[0;39m &amp#27;[2m&amp#27;[0;39m&amp#27;[36mo.s.s.w.a.AnonymousAuthenticationFilter &amp#27;[0;39m &amp#27;[2m:&amp#27;[0;39m Set SecurityContextHolder to anonymous SecurityContext
&amp#27;[2m2025-04-06T09:17:48.861+02:00&amp#27;[0;39m &amp#27;[32mDEBUG&amp#27;[0;39m &amp#27;[35m2189&amp#27;[0;39m &amp#27;[2m---&amp#27;[0;39m &amp#27;[2m[           main]&amp#27;[0;39m &amp#27;[2m&amp#27;[0;39m&amp#27;[36mo.s.s.w.a.Http403ForbiddenEntryPoint    &amp#27;[0;39m &amp#27;[2m:&amp#27;[0;39m Pre-authenticated entry point called. Rejecting access
]]></system-out>
  </testcase>
  <testcase name="testSignupUsernameExists" classname="com.skiconnect.security.AuthControllerIntegrationTest" time="0.083">
    <system-out><![CDATA[Hibernate: 
    select
        u1_0.id 
    from
        users u1_0 
    where
        u1_0.username=? 
    fetch
        first ? rows only
Hibernate: 
    select
        u1_0.id 
    from
        users u1_0 
    where
        u1_0.email=? 
    fetch
        first ? rows only
Hibernate: 
    insert 
    into
        users
        (email, name, password, username, id) 
    values
        (?, ?, ?, ?, default)
&amp#27;[2m2025-04-06T09:17:48.942+02:00&amp#27;[0;39m &amp#27;[32mDEBUG&amp#27;[0;39m &amp#27;[35m2189&amp#27;[0;39m &amp#27;[2m---&amp#27;[0;39m &amp#27;[2m[           main]&amp#27;[0;39m &amp#27;[2m&amp#27;[0;39m&amp#27;[36mo.s.security.web.FilterChainProxy       &amp#27;[0;39m &amp#27;[2m:&amp#27;[0;39m Securing POST /api/auth/signup
&amp#27;[2m2025-04-06T09:17:48.942+02:00&amp#27;[0;39m &amp#27;[32mDEBUG&amp#27;[0;39m &amp#27;[35m2189&amp#27;[0;39m &amp#27;[2m---&amp#27;[0;39m &amp#27;[2m[           main]&amp#27;[0;39m &amp#27;[2m&amp#27;[0;39m&amp#27;[36mo.s.s.w.a.AnonymousAuthenticationFilter &amp#27;[0;39m &amp#27;[2m:&amp#27;[0;39m Set SecurityContextHolder to anonymous SecurityContext
&amp#27;[2m2025-04-06T09:17:48.942+02:00&amp#27;[0;39m &amp#27;[32mDEBUG&amp#27;[0;39m &amp#27;[35m2189&amp#27;[0;39m &amp#27;[2m---&amp#27;[0;39m &amp#27;[2m[           main]&amp#27;[0;39m &amp#27;[2m&amp#27;[0;39m&amp#27;[36mo.s.security.web.FilterChainProxy       &amp#27;[0;39m &amp#27;[2m:&amp#27;[0;39m Secured POST /api/auth/signup
Hibernate: 
    select
        u1_0.id 
    from
        users u1_0 
    where
        u1_0.username=? 
    fetch
        first ? rows only
]]></system-out>
  </testcase>
</testsuite>